<?xml version="1.0" encoding="UTF-8" ?>
<testsuites>
  <testsuite aborted="0" failures="0" id="0" name="PrimeGeneratorTest" package="umbcs680.prime" skipped="0" tests="5" time="0.158" timestamp="2025-03-01T22:07:05">
    <properties>
[...]
</properties>
    <testcase classname="umbcs680.prime.PrimeGeneratorTest" name="invalidRangeWithTryCatch()" time="0.032" />
    <testcase classname="umbcs680.prime.PrimeGeneratorTest" name="fromNegative10toPositive10()" time="0.0" />
    <testcase classname="umbcs680.prime.PrimeGeneratorTest" name="negativeRangeWithTryCatch()" time="0.0" />
    <testcase classname="umbcs680.prime.PrimeGeneratorTest" name="from11to20()" time="0.0" />
    <testcase classname="umbcs680.prime.PrimeGeneratorTest" name="from1to10()" time="0.0" />
  </testsuite>
</testsuites>
