<?xml version="1.0" ?><testsuite name="umbcs680.prime.PrimeGeneratorTest" time="0.158" timestamp="2025-03-01T22:07:05" tests="5" failures="0" skipped="0" aborted="0"><properties>
[...]
</properties><testcase classname="umbcs680.prime.PrimeGeneratorTest" name="invalidRangeWithTryCatch()" time="0.032"></testcase><testcase classname="umbcs680.prime.PrimeGeneratorTest" name="fromNegative10toPositive10()" time="0.0"></testcase><testcase classname="umbcs680.prime.PrimeGeneratorTest" name="negativeRangeWithTryCatch()" time="0.0"></testcase><testcase classname="umbcs680.prime.PrimeGeneratorTest" name="from11to20()" time="0.0"></testcase><testcase classname="umbcs680.prime.PrimeGeneratorTest" name="from1to10()" time="0.0"></testcase></testsuite>